<?xml version="1.0" encoding="UTF-8"?>
<!-- Generated by org.testng.reporters.JUnitXMLReporter -->
<testsuite ignored="4" hostname="Vedant-Honor" failures="0" tests="2" name="Test" time="6.148" errors="0" timestamp="2023-04-20T11:53:19 BST">
  <testcase classname="Generic_Utility.BaseClass" name="@BeforeMethod BM" time="-1.681987997234E9">
    <failure type="org.testng.TestNGException" message="
Parameter &amp;apos;url&amp;apos; is required by BeforeMethod on method BM but has not been marked @Optional or defined
in C:\Users\girix\eclipse-workspace\SeleniumFrameWork\BatchExecutiontestng.xml">
      <![CDATA[org.testng.TestNGException: 
Parameter 'url' is required by BeforeMethod on method BM but has not been marked @Optional or defined
in C:\Users\girix\eclipse-workspace\SeleniumFrameWork\BatchExecutiontestng.xml
at java.base/java.util.ArrayList.forEach(ArrayList.java:1511)
... Removed 28 stack frames]]>
    </failure>
  </testcase> <!-- @BeforeMethod BM -->
  <testcase classname="Generic_Utility.BaseClass" name="@AfterMethod AM" time="-1.681987997253E9">
    <skipped/>
  </testcase> <!-- @AfterMethod AM -->
  <testcase classname="Generic_Utility.BaseClass" name="@AfterClass AC" time="-1.681987997256E9">
    <skipped/>
  </testcase> <!-- @AfterClass AC -->
  <testcase classname="Generic_Utility.BaseClass" name="@BeforeMethod BM" time="-1.681987999546E9">
    <failure type="org.testng.TestNGException" message="
Parameter &amp;apos;url&amp;apos; is required by BeforeMethod on method BM but has not been marked @Optional or defined
in C:\Users\girix\eclipse-workspace\SeleniumFrameWork\BatchExecutiontestng.xml">
      <![CDATA[org.testng.TestNGException: 
Parameter 'url' is required by BeforeMethod on method BM but has not been marked @Optional or defined
in C:\Users\girix\eclipse-workspace\SeleniumFrameWork\BatchExecutiontestng.xml
at java.base/java.util.ArrayList.forEach(ArrayList.java:1511)
... Removed 28 stack frames]]>
    </failure>
  </testcase> <!-- @BeforeMethod BM -->
  <testcase classname="Generic_Utility.BaseClass" name="@AfterMethod AM" time="-1.681987999554E9">
    <skipped/>
  </testcase> <!-- @AfterMethod AM -->
  <testcase classname="Generic_Utility.BaseClass" name="@AfterClass AC" time="-1.681987999555E9">
    <skipped/>
  </testcase> <!-- @AfterClass AC -->
  <testcase classname="Campaign.CreateCampaign1Test" name="CreateCampaign1" time="0.0">
    <skipped/>
  </testcase> <!-- CreateCampaign1 -->
  <testcase classname="Organization.CreateOrganization1Test" name="CreateOrganization1" time="0.0">
    <skipped/>
  </testcase> <!-- CreateOrganization1 -->
  <testcase classname="Generic_Utility.BaseClass" name="@BeforeTest BT" time="0.0">
    <ignored/>
  </testcase> <!-- @BeforeTest BT -->
  <testcase classname="Generic_Utility.BaseClass" name="@AfterSuite AS" time="0.0">
    <ignored/>
  </testcase> <!-- @AfterSuite AS -->
  <testcase classname="Generic_Utility.BaseClass" name="@AfterTest AT" time="0.0">
    <ignored/>
  </testcase> <!-- @AfterTest AT -->
  <testcase classname="Generic_Utility.BaseClass" name="@BeforeSuite BS" time="0.0">
    <ignored/>
  </testcase> <!-- @BeforeSuite BS -->
</testsuite> <!-- Test -->
